<?xml version="1.0" encoding="UTF-8"?>
<coverage generated="1638231009">
  <project timestamp="1638231009">
    <file name="W:\ADRIANGREEN\PROJECTS\string-buffer\src\Exceptions\UnknownExtensionException.php">
      <class name="AdrianGreen\String\Exceptions\UnknownExtensionException" namespace="global">
        <metrics complexity="0" methods="0" coveredmethods="0" conditionals="0" coveredconditionals="0" statements="0" coveredstatements="0" elements="0" coveredelements="0"/>
      </class>
      <metrics loc="7" ncloc="7" classes="0" methods="0" coveredmethods="0" conditionals="0" coveredconditionals="0" statements="0" coveredstatements="0" elements="0" coveredelements="0"/>
    </file>
    <file name="W:\ADRIANGREEN\PROJECTS\string-buffer\src\Exceptions\UnknownMethodException.php">
      <class name="AdrianGreen\String\Exceptions\UnknownMethodException" namespace="global">
        <metrics complexity="0" methods="0" coveredmethods="0" conditionals="0" coveredconditionals="0" statements="0" coveredstatements="0" elements="0" coveredelements="0"/>
      </class>
      <metrics loc="7" ncloc="7" classes="0" methods="0" coveredmethods="0" conditionals="0" coveredconditionals="0" statements="0" coveredstatements="0" elements="0" coveredelements="0"/>
    </file>
    <file name="W:\ADRIANGREEN\PROJECTS\string-buffer\src\Extensions\AbstractExtension.php">
      <class name="AdrianGreen\String\Extensions\AbstractExtension" namespace="global">
        <metrics complexity="1" methods="1" coveredmethods="1" conditionals="0" coveredconditionals="0" statements="2" coveredstatements="2" elements="3" coveredelements="3"/>
      </class>
      <line num="17" type="method" name="__construct" visibility="public" complexity="1" crap="1" count="72"/>
      <line num="19" type="stmt" count="72"/>
      <line num="20" type="stmt" count="72"/>
      <metrics loc="22" ncloc="16" classes="1" methods="1" coveredmethods="1" conditionals="0" coveredconditionals="0" statements="2" coveredstatements="2" elements="3" coveredelements="3"/>
    </file>
    <file name="W:\ADRIANGREEN\PROJECTS\string-buffer\src\Extensions\Conditions.php">
      <class name="AdrianGreen\String\Extensions\Conditions" namespace="global">
        <metrics complexity="20" methods="8" coveredmethods="7" conditionals="0" coveredconditionals="0" statements="29" coveredstatements="25" elements="37" coveredelements="32"/>
      </class>
      <line num="18" type="method" name="contains" visibility="public" complexity="2" crap="2" count="10"/>
      <line num="20" type="stmt" count="10"/>
      <line num="21" type="stmt" count="3"/>
      <line num="24" type="stmt" count="7"/>
      <line num="33" type="method" name="containsOneOf" visibility="public" complexity="3" crap="3" count="4"/>
      <line num="35" type="stmt" count="4"/>
      <line num="36" type="stmt" count="4"/>
      <line num="37" type="stmt" count="2"/>
      <line num="41" type="stmt" count="2"/>
      <line num="50" type="method" name="beginsWith" visibility="public" complexity="2" crap="2" count="11"/>
      <line num="52" type="stmt" count="11"/>
      <line num="53" type="stmt" count="5"/>
      <line num="56" type="stmt" count="6"/>
      <line num="65" type="method" name="beginsWithOneOf" visibility="public" complexity="3" crap="3" count="4"/>
      <line num="67" type="stmt" count="4"/>
      <line num="68" type="stmt" count="4"/>
      <line num="69" type="stmt" count="2"/>
      <line num="73" type="stmt" count="2"/>
      <line num="82" type="method" name="endsWith" visibility="public" complexity="2" crap="2" count="11"/>
      <line num="84" type="stmt" count="11"/>
      <line num="85" type="stmt" count="11"/>
      <line num="86" type="stmt" count="5"/>
      <line num="89" type="stmt" count="6"/>
      <line num="98" type="method" name="endsWithOneOf" visibility="public" complexity="3" crap="3" count="4"/>
      <line num="100" type="stmt" count="4"/>
      <line num="101" type="stmt" count="4"/>
      <line num="102" type="stmt" count="2"/>
      <line num="106" type="stmt" count="2"/>
      <line num="115" type="method" name="equals" visibility="public" complexity="2" crap="2" count="4"/>
      <line num="117" type="stmt" count="4"/>
      <line num="118" type="stmt" count="2"/>
      <line num="121" type="stmt" count="2"/>
      <line num="130" type="method" name="isOneOf" visibility="public" complexity="3" crap="12" count="0"/>
      <line num="132" type="stmt" count="0"/>
      <line num="133" type="stmt" count="0"/>
      <line num="134" type="stmt" count="0"/>
      <line num="138" type="stmt" count="0"/>
      <metrics loc="140" ncloc="92" classes="1" methods="8" coveredmethods="7" conditionals="0" coveredconditionals="0" statements="29" coveredstatements="25" elements="37" coveredelements="32"/>
    </file>
    <file name="W:\ADRIANGREEN\PROJECTS\string-buffer\src\Extensions\Convention.php">
      <class name="AdrianGreen\String\Extensions\Convention" namespace="global">
        <metrics complexity="14" methods="9" coveredmethods="6" conditionals="0" coveredconditionals="0" statements="28" coveredstatements="24" elements="37" coveredelements="30"/>
      </class>
      <line num="43" type="method" name="snake" visibility="public" complexity="3" crap="3.03" count="4"/>
      <line num="45" type="stmt" count="4"/>
      <line num="47" type="stmt" count="4"/>
      <line num="48" type="stmt" count="0"/>
      <line num="51" type="stmt" count="4"/>
      <line num="52" type="stmt" count="4"/>
      <line num="54" type="stmt" count="4"/>
      <line num="57" type="stmt" count="4"/>
      <line num="65" type="method" name="camelCase" visibility="public" complexity="2" crap="2" count="4"/>
      <line num="67" type="stmt" count="4"/>
      <line num="68" type="stmt" count="4"/>
      <line num="69" type="stmt" count="1"/>
      <line num="72" type="stmt" count="4"/>
      <line num="82" type="method" name="studly" visibility="public" complexity="2" crap="2.03" count="3"/>
      <line num="84" type="stmt" count="3"/>
      <line num="86" type="stmt" count="3"/>
      <line num="87" type="stmt" count="0"/>
      <line num="90" type="stmt" count="3"/>
      <line num="92" type="stmt" count="3"/>
      <line num="102" type="method" name="camel" visibility="public" complexity="2" crap="2" count="4"/>
      <line num="104" type="stmt" count="4"/>
      <line num="105" type="stmt" count="1"/>
      <line num="108" type="stmt" count="3"/>
      <line num="118" type="method" name="lower" visibility="public" complexity="1" crap="1" count="4"/>
      <line num="120" type="stmt" count="4"/>
      <line num="129" type="method" name="snakeCase" visibility="public" complexity="1" crap="1" count="4"/>
      <line num="131" type="stmt" count="4"/>
      <line num="133" type="stmt" count="4"/>
      <line num="139" type="method" name="ucFirst" visibility="public" complexity="1" crap="1" count="2"/>
      <line num="141" type="stmt" count="2"/>
      <line num="143" type="stmt" count="2"/>
      <line num="149" type="method" name="lcFirst" visibility="public" complexity="1" crap="2" count="0"/>
      <line num="151" type="stmt" count="0"/>
      <line num="153" type="stmt" count="0"/>
      <line num="159" type="method" name="ucWords" visibility="public" complexity="1" crap="1" count="1"/>
      <line num="161" type="stmt" count="1"/>
      <line num="163" type="stmt" count="1"/>
      <metrics loc="166" ncloc="103" classes="1" methods="9" coveredmethods="6" conditionals="0" coveredconditionals="0" statements="28" coveredstatements="24" elements="37" coveredelements="30"/>
    </file>
    <file name="W:\ADRIANGREEN\PROJECTS\string-buffer\src\Extensions\Hashes.php">
      <class name="AdrianGreen\String\Extensions\Hashes" namespace="global">
        <metrics complexity="2" methods="2" coveredmethods="2" conditionals="0" coveredconditionals="0" statements="4" coveredstatements="4" elements="6" coveredelements="6"/>
      </class>
      <line num="12" type="method" name="md5" visibility="public" complexity="1" crap="1" count="1"/>
      <line num="14" type="stmt" count="1"/>
      <line num="16" type="stmt" count="1"/>
      <line num="22" type="method" name="sha1" visibility="public" complexity="1" crap="1" count="1"/>
      <line num="24" type="stmt" count="1"/>
      <line num="26" type="stmt" count="1"/>
      <metrics loc="28" ncloc="22" classes="1" methods="2" coveredmethods="2" conditionals="0" coveredconditionals="0" statements="4" coveredstatements="4" elements="6" coveredelements="6"/>
    </file>
    <file name="W:\ADRIANGREEN\PROJECTS\string-buffer\src\Extensions\Lister.php">
      <class name="AdrianGreen\String\Extensions\Lister" namespace="global">
        <metrics complexity="3" methods="2" coveredmethods="2" conditionals="0" coveredconditionals="0" statements="5" coveredstatements="5" elements="7" coveredelements="7"/>
      </class>
      <line num="12" type="method" name="split" visibility="public" complexity="1" crap="1" count="1"/>
      <line num="14" type="stmt" count="1"/>
      <line num="22" type="method" name="splitUppercase" visibility="public" complexity="2" crap="2" count="1"/>
      <line num="24" type="stmt" count="1"/>
      <line num="26" type="stmt" count="1"/>
      <line num="27" type="stmt" count="1"/>
      <line num="30" type="stmt" count="1"/>
      <metrics loc="32" ncloc="22" classes="1" methods="2" coveredmethods="2" conditionals="0" coveredconditionals="0" statements="5" coveredstatements="5" elements="7" coveredelements="7"/>
    </file>
    <file name="W:\ADRIANGREEN\PROJECTS\string-buffer\src\Extensions\Loader.php">
      <class name="AdrianGreen\String\Extensions\Loader" namespace="global">
        <metrics complexity="7" methods="4" coveredmethods="4" conditionals="0" coveredconditionals="0" statements="11" coveredstatements="11" elements="15" coveredelements="15"/>
      </class>
      <line num="56" type="method" name="__construct" visibility="public" complexity="2" crap="2" count="86"/>
      <line num="58" type="stmt" count="86"/>
      <line num="59" type="stmt" count="86"/>
      <line num="60" type="stmt" count="86"/>
      <line num="62" type="stmt" count="86"/>
      <line num="70" type="method" name="factory" visibility="public" complexity="3" crap="3" count="40"/>
      <line num="72" type="stmt" count="40"/>
      <line num="73" type="stmt" count="1"/>
      <line num="76" type="stmt" count="39"/>
      <line num="77" type="stmt" count="39"/>
      <line num="80" type="stmt" count="39"/>
      <line num="89" type="method" name="extensionHasMethod" visibility="public" complexity="1" crap="1" count="40"/>
      <line num="91" type="stmt" count="40"/>
      <line num="97" type="method" name="getExtensions" visibility="public" complexity="1" crap="1" count="40"/>
      <line num="99" type="stmt" count="40"/>
      <metrics loc="101" ncloc="69" classes="1" methods="4" coveredmethods="4" conditionals="0" coveredconditionals="0" statements="11" coveredstatements="11" elements="15" coveredelements="15"/>
    </file>
    <file name="W:\ADRIANGREEN\PROJECTS\string-buffer\src\Extensions\Manipulator.php">
      <class name="AdrianGreen\String\Extensions\Manipulator" namespace="global">
        <metrics complexity="10" methods="7" coveredmethods="6" conditionals="0" coveredconditionals="0" statements="13" coveredstatements="12" elements="20" coveredelements="18"/>
      </class>
      <line num="16" type="method" name="trim" visibility="public" complexity="1" crap="1" count="1"/>
      <line num="18" type="stmt" count="1"/>
      <line num="26" type="method" name="trimLeft" visibility="public" complexity="1" crap="1" count="1"/>
      <line num="28" type="stmt" count="1"/>
      <line num="36" type="method" name="trimRight" visibility="public" complexity="1" crap="1" count="1"/>
      <line num="38" type="stmt" count="1"/>
      <line num="47" type="method" name="cutLeft" visibility="public" complexity="2" crap="2" count="3"/>
      <line num="49" type="stmt" count="3"/>
      <line num="50" type="stmt" count="2"/>
      <line num="53" type="stmt" count="3"/>
      <line num="62" type="method" name="cutRight" visibility="public" complexity="2" crap="2" count="3"/>
      <line num="64" type="stmt" count="3"/>
      <line num="65" type="stmt" count="2"/>
      <line num="68" type="stmt" count="3"/>
      <line num="78" type="method" name="replace" visibility="public" complexity="2" crap="2.15" count="5"/>
      <line num="80" type="stmt" count="5"/>
      <line num="81" type="stmt" count="5"/>
      <line num="84" type="stmt" count="0"/>
      <line num="93" type="method" name="remove" visibility="public" complexity="1" crap="1" count="2"/>
      <line num="95" type="stmt" count="2"/>
      <metrics loc="97" ncloc="57" classes="1" methods="7" coveredmethods="6" conditionals="0" coveredconditionals="0" statements="13" coveredstatements="12" elements="20" coveredelements="18"/>
    </file>
    <file name="W:\ADRIANGREEN\PROJECTS\string-buffer\src\Extensions\Parser.php">
      <class name="AdrianGreen\String\Extensions\Parser" namespace="global">
        <metrics complexity="1" methods="1" coveredmethods="0" conditionals="0" coveredconditionals="0" statements="1" coveredstatements="0" elements="2" coveredelements="0"/>
      </class>
      <line num="15" type="method" name="parseCSV" visibility="public" complexity="1" crap="2" count="0"/>
      <line num="17" type="stmt" count="0"/>
      <metrics loc="19" ncloc="11" classes="1" methods="1" coveredmethods="0" conditionals="0" coveredconditionals="0" statements="1" coveredstatements="0" elements="2" coveredelements="0"/>
    </file>
    <file name="W:\ADRIANGREEN\PROJECTS\string-buffer\src\Extensions\Process.php">
      <class name="AdrianGreen\String\Extensions\Process" namespace="global">
        <metrics complexity="2" methods="1" coveredmethods="1" conditionals="0" coveredconditionals="0" statements="4" coveredstatements="4" elements="5" coveredelements="5"/>
      </class>
      <line num="16" type="method" name="when" visibility="public" complexity="2" crap="2" count="2"/>
      <line num="18" type="stmt" count="2"/>
      <line num="19" type="stmt" count="1"/>
      <line num="21" type="stmt" count="1"/>
      <line num="24" type="stmt" count="2"/>
      <metrics loc="26" ncloc="19" classes="1" methods="1" coveredmethods="1" conditionals="0" coveredconditionals="0" statements="4" coveredstatements="4" elements="5" coveredelements="5"/>
    </file>
    <file name="W:\ADRIANGREEN\PROJECTS\string-buffer\src\Extensions\Properties.php">
      <class name="AdrianGreen\String\Extensions\Properties" namespace="global">
        <metrics complexity="1" methods="1" coveredmethods="1" conditionals="0" coveredconditionals="0" statements="1" coveredstatements="1" elements="2" coveredelements="2"/>
      </class>
      <line num="10" type="method" name="length" visibility="public" complexity="1" crap="1" count="2"/>
      <line num="12" type="stmt" count="2"/>
      <metrics loc="14" ncloc="11" classes="1" methods="1" coveredmethods="1" conditionals="0" coveredconditionals="0" statements="1" coveredstatements="1" elements="2" coveredelements="2"/>
    </file>
    <file name="W:\ADRIANGREEN\PROJECTS\string-buffer\src\Extensions\Transformer.php">
      <class name="AdrianGreen\String\Extensions\Transformer" namespace="global">
        <metrics complexity="4" methods="4" coveredmethods="4" conditionals="0" coveredconditionals="0" statements="4" coveredstatements="4" elements="8" coveredelements="8"/>
      </class>
      <line num="12" type="method" name="toLower" visibility="public" complexity="1" crap="1" count="2"/>
      <line num="14" type="stmt" count="2"/>
      <line num="20" type="method" name="toUpper" visibility="public" complexity="1" crap="1" count="2"/>
      <line num="22" type="stmt" count="2"/>
      <line num="28" type="method" name="toFloat" visibility="public" complexity="1" crap="1" count="1"/>
      <line num="30" type="stmt" count="1"/>
      <line num="36" type="method" name="toInteger" visibility="public" complexity="1" crap="1" count="1"/>
      <line num="38" type="stmt" count="1"/>
      <metrics loc="40" ncloc="28" classes="1" methods="4" coveredmethods="4" conditionals="0" coveredconditionals="0" statements="4" coveredstatements="4" elements="8" coveredelements="8"/>
    </file>
    <file name="W:\ADRIANGREEN\PROJECTS\string-buffer\src\Extensions\Url.php">
      <class name="AdrianGreen\String\Extensions\Url" namespace="global">
        <metrics complexity="4" methods="4" coveredmethods="4" conditionals="0" coveredconditionals="0" statements="4" coveredstatements="4" elements="8" coveredelements="8"/>
      </class>
      <line num="16" type="method" name="urlEncode" visibility="public" complexity="1" crap="1" count="1"/>
      <line num="18" type="stmt" count="1"/>
      <line num="24" type="method" name="urlDecode" visibility="public" complexity="1" crap="1" count="1"/>
      <line num="26" type="stmt" count="1"/>
      <line num="32" type="method" name="base64Encode" visibility="public" complexity="1" crap="1" count="1"/>
      <line num="34" type="stmt" count="1"/>
      <line num="40" type="method" name="base64Decode" visibility="public" complexity="1" crap="1" count="1"/>
      <line num="42" type="stmt" count="1"/>
      <metrics loc="44" ncloc="32" classes="1" methods="4" coveredmethods="4" conditionals="0" coveredconditionals="0" statements="4" coveredstatements="4" elements="8" coveredelements="8"/>
    </file>
    <file name="W:\ADRIANGREEN\PROJECTS\string-buffer\src\StringBuffer.php">
      <class name="AdrianGreen\String\StringBuffer" namespace="global">
        <metrics complexity="20" methods="12" coveredmethods="12" conditionals="0" coveredconditionals="0" statements="35" coveredstatements="35" elements="47" coveredelements="47"/>
      </class>
      <line num="84" type="method" name="__construct" visibility="public" complexity="1" crap="1" count="86"/>
      <line num="86" type="stmt" count="86"/>
      <line num="87" type="stmt" count="86"/>
      <line num="88" type="stmt" count="86"/>
      <line num="95" type="method" name="create" visibility="public" complexity="1" crap="1" count="82"/>
      <line num="97" type="stmt" count="82"/>
      <line num="107" type="method" name="__call" visibility="public" complexity="3" crap="3" count="40"/>
      <line num="109" type="stmt" count="40"/>
      <line num="110" type="stmt" count="40"/>
      <line num="111" type="stmt" count="39"/>
      <line num="115" type="stmt" count="1"/>
      <line num="121" type="method" name="toString" visibility="public" complexity="1" crap="1" count="83"/>
      <line num="123" type="stmt" count="83"/>
      <line num="129" type="method" name="__toString" visibility="public" complexity="1" crap="1" count="6"/>
      <line num="131" type="stmt" count="6"/>
      <line num="139" type="method" name="setString" visibility="public" complexity="1" crap="1" count="33"/>
      <line num="141" type="stmt" count="33"/>
      <line num="143" type="stmt" count="33"/>
      <line num="151" type="method" name="append" visibility="public" complexity="1" crap="1" count="4"/>
      <line num="153" type="stmt" count="4"/>
      <line num="155" type="stmt" count="4"/>
      <line num="165" type="method" name="appendIf" visibility="public" complexity="3" crap="3" count="1"/>
      <line num="167" type="stmt" count="1"/>
      <line num="168" type="stmt" count="1"/>
      <line num="171" type="stmt" count="1"/>
      <line num="172" type="stmt" count="1"/>
      <line num="175" type="stmt" count="1"/>
      <line num="183" type="method" name="prepend" visibility="public" complexity="1" crap="1" count="2"/>
      <line num="185" type="stmt" count="2"/>
      <line num="187" type="stmt" count="2"/>
      <line num="197" type="method" name="prependIf" visibility="public" complexity="3" crap="3" count="1"/>
      <line num="199" type="stmt" count="1"/>
      <line num="200" type="stmt" count="1"/>
      <line num="203" type="stmt" count="1"/>
      <line num="204" type="stmt" count="1"/>
      <line num="207" type="stmt" count="1"/>
      <line num="216" type="method" name="substring" visibility="public" complexity="2" crap="2" count="4"/>
      <line num="218" type="stmt" count="4"/>
      <line num="219" type="stmt" count="1"/>
      <line num="221" type="stmt" count="3"/>
      <line num="224" type="stmt" count="4"/>
      <line num="232" type="method" name="reverse" visibility="public" complexity="2" crap="2" count="1"/>
      <line num="234" type="stmt" count="1"/>
      <line num="235" type="stmt" count="1"/>
      <line num="236" type="stmt" count="1"/>
      <line num="238" type="stmt" count="1"/>
      <line num="241" type="stmt" count="1"/>
      <metrics loc="243" ncloc="114" classes="1" methods="12" coveredmethods="12" conditionals="0" coveredconditionals="0" statements="35" coveredstatements="35" elements="47" coveredelements="47"/>
    </file>
    <metrics files="15" loc="986" ncloc="610" classes="13" methods="56" coveredmethods="50" conditionals="0" coveredconditionals="0" statements="141" coveredstatements="131" elements="197" coveredelements="181"/>
  </project>
</coverage>
